
**** Build of configuration Release for project driverlib ****

"D:\\ti\\ccsv6\\utils\\bin\\gmake" -k all 
'Building file: D:/ti/CC3200SDK_1.2.0/cc3200-sdk/driverlib/adc.c'
'Invoking: ARM Compiler'
"D:/ti/ccsv6/tools/compiler/ti-cgt-arm_15.12.1.LTS/bin/armcl" -mv7M4 --code_state=16 --float_support=vfplib -me -Ooff --include_path="D:/ti/ccsv6/tools/compiler/ti-cgt-arm_15.12.1.LTS/include" --include_path="D:/ti/CC3200SDK_1.2.0/cc3200-sdk/driverlib/" --include_path="D:/ti/CC3200SDK_1.2.0/cc3200-sdk/inc" --include_path="D:/ti/CC3200SDK_1.2.0/cc3200-sdk/" -g --gcc --define=ccs --define=DRIVERLIB_APPS --define=cc3200 --diag_warning=225 --diag_wrap=off --display_error_number --gen_func_subsections=on --abi=eabi --printf_support=full --ual --preproc_with_compile --preproc_dependency="adc.d"  "D:/ti/CC3200SDK_1.2.0/cc3200-sdk/driverlib/adc.c"
'Finished building: D:/ti/CC3200SDK_1.2.0/cc3200-sdk/driverlib/adc.c'
' '
'Building file: D:/ti/CC3200SDK_1.2.0/cc3200-sdk/driverlib/aes.c'
'Invoking: ARM Compiler'
"D:/ti/ccsv6/tools/compiler/ti-cgt-arm_15.12.1.LTS/bin/armcl" -mv7M4 --code_state=16 --float_support=vfplib -me -Ooff --include_path="D:/ti/ccsv6/tools/compiler/ti-cgt-arm_15.12.1.LTS/include" --include_path="D:/ti/CC3200SDK_1.2.0/cc3200-sdk/driverlib/" --include_path="D:/ti/CC3200SDK_1.2.0/cc3200-sdk/inc" --include_path="D:/ti/CC3200SDK_1.2.0/cc3200-sdk/" -g --gcc --define=ccs --define=DRIVERLIB_APPS --define=cc3200 --diag_warning=225 --diag_wrap=off --display_error_number --gen_func_subsections=on --abi=eabi --printf_support=full --ual --preproc_with_compile --preproc_dependency="aes.d"  "D:/ti/CC3200SDK_1.2.0/cc3200-sdk/driverlib/aes.c"
'Finished building: D:/ti/CC3200SDK_1.2.0/cc3200-sdk/driverlib/aes.c'
' '
'Building file: D:/ti/CC3200SDK_1.2.0/cc3200-sdk/driverlib/camera.c'
'Invoking: ARM Compiler'
"D:/ti/ccsv6/tools/compiler/ti-cgt-arm_15.12.1.LTS/bin/armcl" -mv7M4 --code_state=16 --float_support=vfplib -me -Ooff --include_path="D:/ti/ccsv6/tools/compiler/ti-cgt-arm_15.12.1.LTS/include" --include_path="D:/ti/CC3200SDK_1.2.0/cc3200-sdk/driverlib/" --include_path="D:/ti/CC3200SDK_1.2.0/cc3200-sdk/inc" --include_path="D:/ti/CC3200SDK_1.2.0/cc3200-sdk/" -g --gcc --define=ccs --define=DRIVERLIB_APPS --define=cc3200 --diag_warning=225 --diag_wrap=off --display_error_number --gen_func_subsections=on --abi=eabi --printf_support=full --ual --preproc_with_compile --preproc_dependency="camera.d"  "D:/ti/CC3200SDK_1.2.0/cc3200-sdk/driverlib/camera.c"
'Finished building: D:/ti/CC3200SDK_1.2.0/cc3200-sdk/driverlib/camera.c'
' '
'Building file: D:/ti/CC3200SDK_1.2.0/cc3200-sdk/driverlib/cpu.c'
'Invoking: ARM Compiler'
"D:/ti/ccsv6/tools/compiler/ti-cgt-arm_15.12.1.LTS/bin/armcl" -mv7M4 --code_state=16 --float_support=vfplib -me -Ooff --include_path="D:/ti/ccsv6/tools/compiler/ti-cgt-arm_15.12.1.LTS/include" --include_path="D:/ti/CC3200SDK_1.2.0/cc3200-sdk/driverlib/" --include_path="D:/ti/CC3200SDK_1.2.0/cc3200-sdk/inc" --include_path="D:/ti/CC3200SDK_1.2.0/cc3200-sdk/" -g --gcc --define=ccs --define=DRIVERLIB_APPS --define=cc3200 --diag_warning=225 --diag_wrap=off --display_error_number --gen_func_subsections=on --abi=eabi --printf_support=full --ual --preproc_with_compile --preproc_dependency="cpu.d"  "D:/ti/CC3200SDK_1.2.0/cc3200-sdk/driverlib/cpu.c"
'Finished building: D:/ti/CC3200SDK_1.2.0/cc3200-sdk/driverlib/cpu.c'
' '
'Building file: D:/ti/CC3200SDK_1.2.0/cc3200-sdk/driverlib/crc.c'
'Invoking: ARM Compiler'
"D:/ti/ccsv6/tools/compiler/ti-cgt-arm_15.12.1.LTS/bin/armcl" -mv7M4 --code_state=16 --float_support=vfplib -me -Ooff --include_path="D:/ti/ccsv6/tools/compiler/ti-cgt-arm_15.12.1.LTS/include" --include_path="D:/ti/CC3200SDK_1.2.0/cc3200-sdk/driverlib/" --include_path="D:/ti/CC3200SDK_1.2.0/cc3200-sdk/inc" --include_path="D:/ti/CC3200SDK_1.2.0/cc3200-sdk/" -g --gcc --define=ccs --define=DRIVERLIB_APPS --define=cc3200 --diag_warning=225 --diag_wrap=off --display_error_number --gen_func_subsections=on --abi=eabi --printf_support=full --ual --preproc_with_compile --preproc_dependency="crc.d"  "D:/ti/CC3200SDK_1.2.0/cc3200-sdk/driverlib/crc.c"
'Finished building: D:/ti/CC3200SDK_1.2.0/cc3200-sdk/driverlib/crc.c'
' '
'Building file: D:/ti/CC3200SDK_1.2.0/cc3200-sdk/driverlib/des.c'
'Invoking: ARM Compiler'
"D:/ti/ccsv6/tools/compiler/ti-cgt-arm_15.12.1.LTS/bin/armcl" -mv7M4 --code_state=16 --float_support=vfplib -me -Ooff --include_path="D:/ti/ccsv6/tools/compiler/ti-cgt-arm_15.12.1.LTS/include" --include_path="D:/ti/CC3200SDK_1.2.0/cc3200-sdk/driverlib/" --include_path="D:/ti/CC3200SDK_1.2.0/cc3200-sdk/inc" --include_path="D:/ti/CC3200SDK_1.2.0/cc3200-sdk/" -g --gcc --define=ccs --define=DRIVERLIB_APPS --define=cc3200 --diag_warning=225 --diag_wrap=off --display_error_number --gen_func_subsections=on --abi=eabi --printf_support=full --ual --preproc_with_compile --preproc_dependency="des.d"  "D:/ti/CC3200SDK_1.2.0/cc3200-sdk/driverlib/des.c"
'Finished building: D:/ti/CC3200SDK_1.2.0/cc3200-sdk/driverlib/des.c'
' '
'Building file: D:/ti/CC3200SDK_1.2.0/cc3200-sdk/driverlib/flash.c'
'Invoking: ARM Compiler'
"D:/ti/ccsv6/tools/compiler/ti-cgt-arm_15.12.1.LTS/bin/armcl" -mv7M4 --code_state=16 --float_support=vfplib -me -Ooff --include_path="D:/ti/ccsv6/tools/compiler/ti-cgt-arm_15.12.1.LTS/include" --include_path="D:/ti/CC3200SDK_1.2.0/cc3200-sdk/driverlib/" --include_path="D:/ti/CC3200SDK_1.2.0/cc3200-sdk/inc" --include_path="D:/ti/CC3200SDK_1.2.0/cc3200-sdk/" -g --gcc --define=ccs --define=DRIVERLIB_APPS --define=cc3200 --diag_warning=225 --diag_wrap=off --display_error_number --gen_func_subsections=on --abi=eabi --printf_support=full --ual --preproc_with_compile --preproc_dependency="flash.d"  "D:/ti/CC3200SDK_1.2.0/cc3200-sdk/driverlib/flash.c"
'Finished building: D:/ti/CC3200SDK_1.2.0/cc3200-sdk/driverlib/flash.c'
' '
'Building file: D:/ti/CC3200SDK_1.2.0/cc3200-sdk/driverlib/gpio.c'
'Invoking: ARM Compiler'
"D:/ti/ccsv6/tools/compiler/ti-cgt-arm_15.12.1.LTS/bin/armcl" -mv7M4 --code_state=16 --float_support=vfplib -me -Ooff --include_path="D:/ti/ccsv6/tools/compiler/ti-cgt-arm_15.12.1.LTS/include" --include_path="D:/ti/CC3200SDK_1.2.0/cc3200-sdk/driverlib/" --include_path="D:/ti/CC3200SDK_1.2.0/cc3200-sdk/inc" --include_path="D:/ti/CC3200SDK_1.2.0/cc3200-sdk/" -g --gcc --define=ccs --define=DRIVERLIB_APPS --define=cc3200 --diag_warning=225 --diag_wrap=off --display_error_number --gen_func_subsections=on --abi=eabi --printf_support=full --ual --preproc_with_compile --preproc_dependency="gpio.d"  "D:/ti/CC3200SDK_1.2.0/cc3200-sdk/driverlib/gpio.c"
'Finished building: D:/ti/CC3200SDK_1.2.0/cc3200-sdk/driverlib/gpio.c'
' '
'Building file: D:/ti/CC3200SDK_1.2.0/cc3200-sdk/driverlib/hwspinlock.c'
'Invoking: ARM Compiler'
"D:/ti/ccsv6/tools/compiler/ti-cgt-arm_15.12.1.LTS/bin/armcl" -mv7M4 --code_state=16 --float_support=vfplib -me -Ooff --include_path="D:/ti/ccsv6/tools/compiler/ti-cgt-arm_15.12.1.LTS/include" --include_path="D:/ti/CC3200SDK_1.2.0/cc3200-sdk/driverlib/" --include_path="D:/ti/CC3200SDK_1.2.0/cc3200-sdk/inc" --include_path="D:/ti/CC3200SDK_1.2.0/cc3200-sdk/" -g --gcc --define=ccs --define=DRIVERLIB_APPS --define=cc3200 --diag_warning=225 --diag_wrap=off --display_error_number --gen_func_subsections=on --abi=eabi --printf_support=full --ual --preproc_with_compile --preproc_dependency="hwspinlock.d"  "D:/ti/CC3200SDK_1.2.0/cc3200-sdk/driverlib/hwspinlock.c"
'Finished building: D:/ti/CC3200SDK_1.2.0/cc3200-sdk/driverlib/hwspinlock.c'
' '
'Building file: D:/ti/CC3200SDK_1.2.0/cc3200-sdk/driverlib/i2c.c'
'Invoking: ARM Compiler'
"D:/ti/ccsv6/tools/compiler/ti-cgt-arm_15.12.1.LTS/bin/armcl" -mv7M4 --code_state=16 --float_support=vfplib -me -Ooff --include_path="D:/ti/ccsv6/tools/compiler/ti-cgt-arm_15.12.1.LTS/include" --include_path="D:/ti/CC3200SDK_1.2.0/cc3200-sdk/driverlib/" --include_path="D:/ti/CC3200SDK_1.2.0/cc3200-sdk/inc" --include_path="D:/ti/CC3200SDK_1.2.0/cc3200-sdk/" -g --gcc --define=ccs --define=DRIVERLIB_APPS --define=cc3200 --diag_warning=225 --diag_wrap=off --display_error_number --gen_func_subsections=on --abi=eabi --printf_support=full --ual --preproc_with_compile --preproc_dependency="i2c.d"  "D:/ti/CC3200SDK_1.2.0/cc3200-sdk/driverlib/i2c.c"
'Finished building: D:/ti/CC3200SDK_1.2.0/cc3200-sdk/driverlib/i2c.c'
' '
'Building file: D:/ti/CC3200SDK_1.2.0/cc3200-sdk/driverlib/i2s.c'
'Invoking: ARM Compiler'
"D:/ti/ccsv6/tools/compiler/ti-cgt-arm_15.12.1.LTS/bin/armcl" -mv7M4 --code_state=16 --float_support=vfplib -me -Ooff --include_path="D:/ti/ccsv6/tools/compiler/ti-cgt-arm_15.12.1.LTS/include" --include_path="D:/ti/CC3200SDK_1.2.0/cc3200-sdk/driverlib/" --include_path="D:/ti/CC3200SDK_1.2.0/cc3200-sdk/inc" --include_path="D:/ti/CC3200SDK_1.2.0/cc3200-sdk/" -g --gcc --define=ccs --define=DRIVERLIB_APPS --define=cc3200 --diag_warning=225 --diag_wrap=off --display_error_number --gen_func_subsections=on --abi=eabi --printf_support=full --ual --preproc_with_compile --preproc_dependency="i2s.d"  "D:/ti/CC3200SDK_1.2.0/cc3200-sdk/driverlib/i2s.c"
'Finished building: D:/ti/CC3200SDK_1.2.0/cc3200-sdk/driverlib/i2s.c'
' '
'Building file: D:/ti/CC3200SDK_1.2.0/cc3200-sdk/driverlib/interrupt.c'
'Invoking: ARM Compiler'
"D:/ti/ccsv6/tools/compiler/ti-cgt-arm_15.12.1.LTS/bin/armcl" -mv7M4 --code_state=16 --float_support=vfplib -me -Ooff --include_path="D:/ti/ccsv6/tools/compiler/ti-cgt-arm_15.12.1.LTS/include" --include_path="D:/ti/CC3200SDK_1.2.0/cc3200-sdk/driverlib/" --include_path="D:/ti/CC3200SDK_1.2.0/cc3200-sdk/inc" --include_path="D:/ti/CC3200SDK_1.2.0/cc3200-sdk/" -g --gcc --define=ccs --define=DRIVERLIB_APPS --define=cc3200 --diag_warning=225 --diag_wrap=off --display_error_number --gen_func_subsections=on --abi=eabi --printf_support=full --ual --preproc_with_compile --preproc_dependency="interrupt.d"  "D:/ti/CC3200SDK_1.2.0/cc3200-sdk/driverlib/interrupt.c"
'Finished building: D:/ti/CC3200SDK_1.2.0/cc3200-sdk/driverlib/interrupt.c'
' '
'Building file: D:/ti/CC3200SDK_1.2.0/cc3200-sdk/driverlib/pin.c'
'Invoking: ARM Compiler'
"D:/ti/ccsv6/tools/compiler/ti-cgt-arm_15.12.1.LTS/bin/armcl" -mv7M4 --code_state=16 --float_support=vfplib -me -Ooff --include_path="D:/ti/ccsv6/tools/compiler/ti-cgt-arm_15.12.1.LTS/include" --include_path="D:/ti/CC3200SDK_1.2.0/cc3200-sdk/driverlib/" --include_path="D:/ti/CC3200SDK_1.2.0/cc3200-sdk/inc" --include_path="D:/ti/CC3200SDK_1.2.0/cc3200-sdk/" -g --gcc --define=ccs --define=DRIVERLIB_APPS --define=cc3200 --diag_warning=225 --diag_wrap=off --display_error_number --gen_func_subsections=on --abi=eabi --printf_support=full --ual --preproc_with_compile --preproc_dependency="pin.d"  "D:/ti/CC3200SDK_1.2.0/cc3200-sdk/driverlib/pin.c"
'Finished building: D:/ti/CC3200SDK_1.2.0/cc3200-sdk/driverlib/pin.c'
' '
'Building file: D:/ti/CC3200SDK_1.2.0/cc3200-sdk/driverlib/prcm.c'
'Invoking: ARM Compiler'
"D:/ti/ccsv6/tools/compiler/ti-cgt-arm_15.12.1.LTS/bin/armcl" -mv7M4 --code_state=16 --float_support=vfplib -me -Ooff --include_path="D:/ti/ccsv6/tools/compiler/ti-cgt-arm_15.12.1.LTS/include" --include_path="D:/ti/CC3200SDK_1.2.0/cc3200-sdk/driverlib/" --include_path="D:/ti/CC3200SDK_1.2.0/cc3200-sdk/inc" --include_path="D:/ti/CC3200SDK_1.2.0/cc3200-sdk/" -g --gcc --define=ccs --define=DRIVERLIB_APPS --define=cc3200 --diag_warning=225 --diag_wrap=off --display_error_number --gen_func_subsections=on --abi=eabi --printf_support=full --ual --preproc_with_compile --preproc_dependency="prcm.d"  "D:/ti/CC3200SDK_1.2.0/cc3200-sdk/driverlib/prcm.c"
'Finished building: D:/ti/CC3200SDK_1.2.0/cc3200-sdk/driverlib/prcm.c'
' '
'Building file: D:/ti/CC3200SDK_1.2.0/cc3200-sdk/driverlib/sdhost.c'
'Invoking: ARM Compiler'
"D:/ti/ccsv6/tools/compiler/ti-cgt-arm_15.12.1.LTS/bin/armcl" -mv7M4 --code_state=16 --float_support=vfplib -me -Ooff --include_path="D:/ti/ccsv6/tools/compiler/ti-cgt-arm_15.12.1.LTS/include" --include_path="D:/ti/CC3200SDK_1.2.0/cc3200-sdk/driverlib/" --include_path="D:/ti/CC3200SDK_1.2.0/cc3200-sdk/inc" --include_path="D:/ti/CC3200SDK_1.2.0/cc3200-sdk/" -g --gcc --define=ccs --define=DRIVERLIB_APPS --define=cc3200 --diag_warning=225 --diag_wrap=off --display_error_number --gen_func_subsections=on --abi=eabi --printf_support=full --ual --preproc_with_compile --preproc_dependency="sdhost.d"  "D:/ti/CC3200SDK_1.2.0/cc3200-sdk/driverlib/sdhost.c"
'Finished building: D:/ti/CC3200SDK_1.2.0/cc3200-sdk/driverlib/sdhost.c'
' '
'Building file: D:/ti/CC3200SDK_1.2.0/cc3200-sdk/driverlib/shamd5.c'
'Invoking: ARM Compiler'
"D:/ti/ccsv6/tools/compiler/ti-cgt-arm_15.12.1.LTS/bin/armcl" -mv7M4 --code_state=16 --float_support=vfplib -me -Ooff --include_path="D:/ti/ccsv6/tools/compiler/ti-cgt-arm_15.12.1.LTS/include" --include_path="D:/ti/CC3200SDK_1.2.0/cc3200-sdk/driverlib/" --include_path="D:/ti/CC3200SDK_1.2.0/cc3200-sdk/inc" --include_path="D:/ti/CC3200SDK_1.2.0/cc3200-sdk/" -g --gcc --define=ccs --define=DRIVERLIB_APPS --define=cc3200 --diag_warning=225 --diag_wrap=off --display_error_number --gen_func_subsections=on --abi=eabi --printf_support=full --ual --preproc_with_compile --preproc_dependency="shamd5.d"  "D:/ti/CC3200SDK_1.2.0/cc3200-sdk/driverlib/shamd5.c"
'Finished building: D:/ti/CC3200SDK_1.2.0/cc3200-sdk/driverlib/shamd5.c'
' '
'Building file: D:/ti/CC3200SDK_1.2.0/cc3200-sdk/driverlib/spi.c'
'Invoking: ARM Compiler'
"D:/ti/ccsv6/tools/compiler/ti-cgt-arm_15.12.1.LTS/bin/armcl" -mv7M4 --code_state=16 --float_support=vfplib -me -Ooff --include_path="D:/ti/ccsv6/tools/compiler/ti-cgt-arm_15.12.1.LTS/include" --include_path="D:/ti/CC3200SDK_1.2.0/cc3200-sdk/driverlib/" --include_path="D:/ti/CC3200SDK_1.2.0/cc3200-sdk/inc" --include_path="D:/ti/CC3200SDK_1.2.0/cc3200-sdk/" -g --gcc --define=ccs --define=DRIVERLIB_APPS --define=cc3200 --diag_warning=225 --diag_wrap=off --display_error_number --gen_func_subsections=on --abi=eabi --printf_support=full --ual --preproc_with_compile --preproc_dependency="spi.d"  "D:/ti/CC3200SDK_1.2.0/cc3200-sdk/driverlib/spi.c"
'Finished building: D:/ti/CC3200SDK_1.2.0/cc3200-sdk/driverlib/spi.c'
' '
'Building file: D:/ti/CC3200SDK_1.2.0/cc3200-sdk/driverlib/systick.c'
'Invoking: ARM Compiler'
"D:/ti/ccsv6/tools/compiler/ti-cgt-arm_15.12.1.LTS/bin/armcl" -mv7M4 --code_state=16 --float_support=vfplib -me -Ooff --include_path="D:/ti/ccsv6/tools/compiler/ti-cgt-arm_15.12.1.LTS/include" --include_path="D:/ti/CC3200SDK_1.2.0/cc3200-sdk/driverlib/" --include_path="D:/ti/CC3200SDK_1.2.0/cc3200-sdk/inc" --include_path="D:/ti/CC3200SDK_1.2.0/cc3200-sdk/" -g --gcc --define=ccs --define=DRIVERLIB_APPS --define=cc3200 --diag_warning=225 --diag_wrap=off --display_error_number --gen_func_subsections=on --abi=eabi --printf_support=full --ual --preproc_with_compile --preproc_dependency="systick.d"  "D:/ti/CC3200SDK_1.2.0/cc3200-sdk/driverlib/systick.c"
'Finished building: D:/ti/CC3200SDK_1.2.0/cc3200-sdk/driverlib/systick.c'
' '
'Building file: D:/ti/CC3200SDK_1.2.0/cc3200-sdk/driverlib/timer.c'
'Invoking: ARM Compiler'
"D:/ti/ccsv6/tools/compiler/ti-cgt-arm_15.12.1.LTS/bin/armcl" -mv7M4 --code_state=16 --float_support=vfplib -me -Ooff --include_path="D:/ti/ccsv6/tools/compiler/ti-cgt-arm_15.12.1.LTS/include" --include_path="D:/ti/CC3200SDK_1.2.0/cc3200-sdk/driverlib/" --include_path="D:/ti/CC3200SDK_1.2.0/cc3200-sdk/inc" --include_path="D:/ti/CC3200SDK_1.2.0/cc3200-sdk/" -g --gcc --define=ccs --define=DRIVERLIB_APPS --define=cc3200 --diag_warning=225 --diag_wrap=off --display_error_number --gen_func_subsections=on --abi=eabi --printf_support=full --ual --preproc_with_compile --preproc_dependency="timer.d"  "D:/ti/CC3200SDK_1.2.0/cc3200-sdk/driverlib/timer.c"
'Finished building: D:/ti/CC3200SDK_1.2.0/cc3200-sdk/driverlib/timer.c'
' '
'Building file: D:/ti/CC3200SDK_1.2.0/cc3200-sdk/driverlib/uart.c'
'Invoking: ARM Compiler'
"D:/ti/ccsv6/tools/compiler/ti-cgt-arm_15.12.1.LTS/bin/armcl" -mv7M4 --code_state=16 --float_support=vfplib -me -Ooff --include_path="D:/ti/ccsv6/tools/compiler/ti-cgt-arm_15.12.1.LTS/include" --include_path="D:/ti/CC3200SDK_1.2.0/cc3200-sdk/driverlib/" --include_path="D:/ti/CC3200SDK_1.2.0/cc3200-sdk/inc" --include_path="D:/ti/CC3200SDK_1.2.0/cc3200-sdk/" -g --gcc --define=ccs --define=DRIVERLIB_APPS --define=cc3200 --diag_warning=225 --diag_wrap=off --display_error_number --gen_func_subsections=on --abi=eabi --printf_support=full --ual --preproc_with_compile --preproc_dependency="uart.d"  "D:/ti/CC3200SDK_1.2.0/cc3200-sdk/driverlib/uart.c"
'Finished building: D:/ti/CC3200SDK_1.2.0/cc3200-sdk/driverlib/uart.c'
' '
'Building file: D:/ti/CC3200SDK_1.2.0/cc3200-sdk/driverlib/udma.c'
'Invoking: ARM Compiler'
"D:/ti/ccsv6/tools/compiler/ti-cgt-arm_15.12.1.LTS/bin/armcl" -mv7M4 --code_state=16 --float_support=vfplib -me -Ooff --include_path="D:/ti/ccsv6/tools/compiler/ti-cgt-arm_15.12.1.LTS/include" --include_path="D:/ti/CC3200SDK_1.2.0/cc3200-sdk/driverlib/" --include_path="D:/ti/CC3200SDK_1.2.0/cc3200-sdk/inc" --include_path="D:/ti/CC3200SDK_1.2.0/cc3200-sdk/" -g --gcc --define=ccs --define=DRIVERLIB_APPS --define=cc3200 --diag_warning=225 --diag_wrap=off --display_error_number --gen_func_subsections=on --abi=eabi --printf_support=full --ual --preproc_with_compile --preproc_dependency="udma.d"  "D:/ti/CC3200SDK_1.2.0/cc3200-sdk/driverlib/udma.c"
'Finished building: D:/ti/CC3200SDK_1.2.0/cc3200-sdk/driverlib/udma.c'
' '
'Building file: D:/ti/CC3200SDK_1.2.0/cc3200-sdk/driverlib/utils.c'
'Invoking: ARM Compiler'
"D:/ti/ccsv6/tools/compiler/ti-cgt-arm_15.12.1.LTS/bin/armcl" -mv7M4 --code_state=16 --float_support=vfplib -me -Ooff --include_path="D:/ti/ccsv6/tools/compiler/ti-cgt-arm_15.12.1.LTS/include" --include_path="D:/ti/CC3200SDK_1.2.0/cc3200-sdk/driverlib/" --include_path="D:/ti/CC3200SDK_1.2.0/cc3200-sdk/inc" --include_path="D:/ti/CC3200SDK_1.2.0/cc3200-sdk/" -g --gcc --define=ccs --define=DRIVERLIB_APPS --define=cc3200 --diag_warning=225 --diag_wrap=off --display_error_number --gen_func_subsections=on --abi=eabi --printf_support=full --ual --preproc_with_compile --preproc_dependency="utils.d"  "D:/ti/CC3200SDK_1.2.0/cc3200-sdk/driverlib/utils.c"
'Finished building: D:/ti/CC3200SDK_1.2.0/cc3200-sdk/driverlib/utils.c'
' '
'Building file: D:/ti/CC3200SDK_1.2.0/cc3200-sdk/driverlib/wdt.c'
'Invoking: ARM Compiler'
"D:/ti/ccsv6/tools/compiler/ti-cgt-arm_15.12.1.LTS/bin/armcl" -mv7M4 --code_state=16 --float_support=vfplib -me -Ooff --include_path="D:/ti/ccsv6/tools/compiler/ti-cgt-arm_15.12.1.LTS/include" --include_path="D:/ti/CC3200SDK_1.2.0/cc3200-sdk/driverlib/" --include_path="D:/ti/CC3200SDK_1.2.0/cc3200-sdk/inc" --include_path="D:/ti/CC3200SDK_1.2.0/cc3200-sdk/" -g --gcc --define=ccs --define=DRIVERLIB_APPS --define=cc3200 --diag_warning=225 --diag_wrap=off --display_error_number --gen_func_subsections=on --abi=eabi --printf_support=full --ual --preproc_with_compile --preproc_dependency="wdt.d"  "D:/ti/CC3200SDK_1.2.0/cc3200-sdk/driverlib/wdt.c"
'Finished building: D:/ti/CC3200SDK_1.2.0/cc3200-sdk/driverlib/wdt.c'
' '
'Building target: driverlib.a'
'Invoking: ARM Archiver'
"D:/ti/ccsv6/tools/compiler/ti-cgt-arm_15.12.1.LTS/bin/armar" r "driverlib.a" "./adc.obj" "./aes.obj" "./camera.obj" "./cpu.obj" "./crc.obj" "./des.obj" "./flash.obj" "./gpio.obj" "./hwspinlock.obj" "./i2c.obj" "./i2s.obj" "./interrupt.obj" "./pin.obj" "./prcm.obj" "./sdhost.obj" "./shamd5.obj" "./spi.obj" "./systick.obj" "./timer.obj" "./uart.obj" "./udma.obj" "./utils.obj" "./wdt.obj"  
  ==>  new archive 'driverlib.a'
  ==>  building archive 'driverlib.a'
'Finished building target: driverlib.a'
' '

**** Build Finished ****
