
**** Build of configuration Default for project ti_rtos_config ****

"D:\\ti\\ccsv6\\utils\\bin\\gmake" -k all 
gmake: Nothing to be done for 'all'.

**** Build Finished ****

**** Build of configuration Release for project wlan_station ****

"D:\\ti\\ccsv6\\utils\\bin\\gmake" -k all 
'Building file: ../main.c'
'Invoking: ARM Compiler'
"D:/ti/ccsv6/tools/compiler/ti-cgt-arm_15.12.1.LTS/bin/armcl" -mv7M4 --abi=eabi -me --include_path="D:/ti/ccsv6/tools/compiler/ti-cgt-arm_15.12.1.LTS/include" --include_path="C:/ti/CC3200SDK_1.2.0/cc3200-sdk/simplelink/" --include_path="C:/ti/CC3200SDK_1.2.0/cc3200-sdk/simplelink/include" --include_path="C:/ti/CC3200SDK_1.2.0/cc3200-sdk/simplelink/source" --include_path="C:/ti/CC3200SDK_1.2.0/cc3200-sdk/example/common" --include_path="C:/ti/CC3200SDK_1.2.0/cc3200-sdk/oslib" --include_path="C:/ti/CC3200SDK_1.2.0/cc3200-sdk/driverlib" --include_path="C:/ti/CC3200SDK_1.2.0/cc3200-sdk/inc" --include_path="C:/ti/CC3200SDK_1.2.0/cc3200-sdk/simplelink_extlib/provisioninglib" -g --define=ccs --define=USE_TIRTOS --define=SL_PLATFORM_MULTI_THREADED --define=cc3200 --diag_wrap=off --diag_warning=225 --display_error_number --preproc_with_compile --preproc_dependency="main.d" --cmd_file="D:/zigbee/4/ti_rtos_config/Default/configPkg/compiler.opt" "../main.c"
'Finished building: ../main.c'
' '
'Building file: C:/ti/CC3200SDK_1.2.0/cc3200-sdk/example/common/network_common.c'
'Invoking: ARM Compiler'
"D:/ti/ccsv6/tools/compiler/ti-cgt-arm_15.12.1.LTS/bin/armcl" -mv7M4 --abi=eabi -me --include_path="D:/ti/ccsv6/tools/compiler/ti-cgt-arm_15.12.1.LTS/include" --include_path="C:/ti/CC3200SDK_1.2.0/cc3200-sdk/simplelink/" --include_path="C:/ti/CC3200SDK_1.2.0/cc3200-sdk/simplelink/include" --include_path="C:/ti/CC3200SDK_1.2.0/cc3200-sdk/simplelink/source" --include_path="C:/ti/CC3200SDK_1.2.0/cc3200-sdk/example/common" --include_path="C:/ti/CC3200SDK_1.2.0/cc3200-sdk/oslib" --include_path="C:/ti/CC3200SDK_1.2.0/cc3200-sdk/driverlib" --include_path="C:/ti/CC3200SDK_1.2.0/cc3200-sdk/inc" --include_path="C:/ti/CC3200SDK_1.2.0/cc3200-sdk/simplelink_extlib/provisioninglib" -g --define=ccs --define=USE_TIRTOS --define=SL_PLATFORM_MULTI_THREADED --define=cc3200 --diag_wrap=off --diag_warning=225 --display_error_number --preproc_with_compile --preproc_dependency="network_common.d" --cmd_file="D:/zigbee/4/ti_rtos_config/Default/configPkg/compiler.opt" "C:/ti/CC3200SDK_1.2.0/cc3200-sdk/example/common/network_common.c"
'Finished building: C:/ti/CC3200SDK_1.2.0/cc3200-sdk/example/common/network_common.c'
' '
'Building file: C:/ti/CC3200SDK_1.2.0/cc3200-sdk/example/common/uart_if.c'
'Invoking: ARM Compiler'
"D:/ti/ccsv6/tools/compiler/ti-cgt-arm_15.12.1.LTS/bin/armcl" -mv7M4 --abi=eabi -me --include_path="D:/ti/ccsv6/tools/compiler/ti-cgt-arm_15.12.1.LTS/include" --include_path="C:/ti/CC3200SDK_1.2.0/cc3200-sdk/simplelink/" --include_path="C:/ti/CC3200SDK_1.2.0/cc3200-sdk/simplelink/include" --include_path="C:/ti/CC3200SDK_1.2.0/cc3200-sdk/simplelink/source" --include_path="C:/ti/CC3200SDK_1.2.0/cc3200-sdk/example/common" --include_path="C:/ti/CC3200SDK_1.2.0/cc3200-sdk/oslib" --include_path="C:/ti/CC3200SDK_1.2.0/cc3200-sdk/driverlib" --include_path="C:/ti/CC3200SDK_1.2.0/cc3200-sdk/inc" --include_path="C:/ti/CC3200SDK_1.2.0/cc3200-sdk/simplelink_extlib/provisioninglib" -g --define=ccs --define=USE_TIRTOS --define=SL_PLATFORM_MULTI_THREADED --define=cc3200 --diag_wrap=off --diag_warning=225 --display_error_number --preproc_with_compile --preproc_dependency="uart_if.d" --cmd_file="D:/zigbee/4/ti_rtos_config/Default/configPkg/compiler.opt" "C:/ti/CC3200SDK_1.2.0/cc3200-sdk/example/common/uart_if.c"
'Finished building: C:/ti/CC3200SDK_1.2.0/cc3200-sdk/example/common/uart_if.c'
' '
'Building target: wlan_station.out'
'Invoking: ARM Linker'
"D:/ti/ccsv6/tools/compiler/ti-cgt-arm_15.12.1.LTS/bin/armcl" -mv7M4 --abi=eabi -me -g --define=ccs --define=USE_TIRTOS --define=SL_PLATFORM_MULTI_THREADED --define=cc3200 --diag_wrap=off --diag_warning=225 --display_error_number -z -m"wlan_station.map" --heap_size=0x800 --stack_size=0x800 -i"D:/ti/ccsv6/tools/compiler/ti-cgt-arm_15.12.1.LTS/lib" -i"D:/ti/ccsv6/tools/compiler/ti-cgt-arm_15.12.1.LTS/include" --reread_libs --display_error_number --diag_wrap=off --warn_sections --xml_link_info="wlan_station_linkInfo.xml" --rom_model -o "wlan_station.out" "./gpio_if.obj" "./main.obj" "./network_common.obj" "./pinmux.obj" "./uart_if.obj" "../cc3200v1p32.cmd" -l"D:/zigbee/4/ti_rtos_config/Default/configPkg/linker.cmd" -llibc.a -l"C:/ti/CC3200SDK_1.2.0/cc3200-sdk/driverlib/ccs/Release/driverlib.a" -l"C:/ti/CC3200SDK_1.2.0/cc3200-sdk/simplelink/ccs/OS/simplelink.a" -l"C:/ti/CC3200SDK_1.2.0/cc3200-sdk/oslib/ccs/ti_rtos/ti_rtos.a" 
<Linking>
'Finished building target: wlan_station.out'
' '
"D:/ti/ccsv6/utils/tiobj2bin/tiobj2bin" "wlan_station.out" "wlan_station.bin" "D:/ti/ccsv6/tools/compiler/ti-cgt-arm_15.12.1.LTS/bin/armofd" "D:/ti/ccsv6/tools/compiler/ti-cgt-arm_15.12.1.LTS/bin/armhex" "D:/ti/ccsv6/utils/tiobj2bin/mkhex4bin"
' '

**** Build Finished ****

**** Build of configuration Default for project ti_rtos_config ****

"D:\\ti\\ccsv6\\utils\\bin\\gmake" -k all 
gmake: Nothing to be done for 'all'.

**** Build Finished ****

**** Build of configuration Default for project ti_rtos_config ****

"D:\\ti\\ccsv6\\utils\\bin\\gmake" -k all 
gmake: Nothing to be done for 'all'.

**** Build Finished ****

**** Build of configuration Release for project wlan_station ****

"D:\\ti\\ccsv6\\utils\\bin\\gmake" -k all 
gmake: Nothing to be done for 'all'.

**** Build Finished ****

**** Build of configuration Default for project ti_rtos_config ****

"D:\\ti\\ccsv6\\utils\\bin\\gmake" -k all 
gmake: Nothing to be done for 'all'.

**** Build Finished ****

**** Build of configuration Default for project ti_rtos_config ****

"D:\\ti\\ccsv6\\utils\\bin\\gmake" -k all 
gmake: Nothing to be done for 'all'.

**** Build Finished ****

**** Build of configuration Release for project wlan_ap ****

"D:\\ti\\ccsv6\\utils\\bin\\gmake" -k all 
gmake: Nothing to be done for 'all'.

**** Build Finished ****

**** Build of configuration Default for project ti_rtos_config ****

"D:\\ti\\ccsv6\\utils\\bin\\gmake" -k all 
gmake: Nothing to be done for 'all'.

**** Build Finished ****

**** Build of configuration Default for project ti_rtos_config ****

"D:\\ti\\ccsv6\\utils\\bin\\gmake" -k all 
gmake: Nothing to be done for 'all'.

**** Build Finished ****

**** Build of configuration Release for project wlan_ap ****

"D:\\ti\\ccsv6\\utils\\bin\\gmake" -k all 
gmake: Nothing to be done for 'all'.

**** Build Finished ****
