
**** Build of configuration Release for project oob ****

"D:\\ti\\ccsv6\\utils\\bin\\gmake" -k all 
'Building file: ../bma222drv.c'
'Invoking: ARM Compiler'
"D:/ti/ccsv6/tools/compiler/ti-cgt-arm_15.12.1.LTS/bin/armcl" -mv7M4 --code_state=16 --float_support=vfplib --abi=eabi -me --include_path="D:/ti/ccsv6/tools/compiler/ti-cgt-arm_15.12.1.LTS/include" --include_path="C:/ti/CC3200SDK_1.2.0/cc3200-sdk/example/common" --include_path="C:/ti/CC3200SDK_1.2.0/cc3200-sdk/inc" --include_path="C:/ti/CC3200SDK_1.2.0/cc3200-sdk/simplelink/" --include_path="C:/ti/CC3200SDK_1.2.0/cc3200-sdk/simplelink/include" --include_path="C:/ti/CC3200SDK_1.2.0/cc3200-sdk/simplelink/source" --include_path="C:/ti/CC3200SDK_1.2.0/cc3200-sdk/driverlib/" --include_path="C:/ti/CC3200SDK_1.2.0/cc3200-sdk/oslib/" --include_path="C:/ti/CC3200SDK_1.2.0/cc3200-sdk/third_party/FreeRTOS/" --include_path="C:/ti/CC3200SDK_1.2.0/cc3200-sdk/third_party/FreeRTOS/source/" --include_path="C:/ti/CC3200SDK_1.2.0/cc3200-sdk/third_party/FreeRTOS/source/include" --include_path="C:/ti/CC3200SDK_1.2.0/cc3200-sdk/third_party/FreeRTOS/source/portable/CCS/ARM_CM3" --include_path="C:/ti/CC3200SDK_1.2.0/cc3200-sdk/simplelink_extlib/provisioninglib" -g --gcc --define=ccs --define=SL_PLATFORM_MULTI_THREADED --define=USE_FREERTOS --define=cc3200 --diag_wrap=off --diag_warning=225 --display_error_number --preproc_with_compile --preproc_dependency="bma222drv.d"  "../bma222drv.c"
'Finished building: ../bma222drv.c'
' '
'Building file: ../device_status.c'
'Invoking: ARM Compiler'
"D:/ti/ccsv6/tools/compiler/ti-cgt-arm_15.12.1.LTS/bin/armcl" -mv7M4 --code_state=16 --float_support=vfplib --abi=eabi -me --include_path="D:/ti/ccsv6/tools/compiler/ti-cgt-arm_15.12.1.LTS/include" --include_path="C:/ti/CC3200SDK_1.2.0/cc3200-sdk/example/common" --include_path="C:/ti/CC3200SDK_1.2.0/cc3200-sdk/inc" --include_path="C:/ti/CC3200SDK_1.2.0/cc3200-sdk/simplelink/" --include_path="C:/ti/CC3200SDK_1.2.0/cc3200-sdk/simplelink/include" --include_path="C:/ti/CC3200SDK_1.2.0/cc3200-sdk/simplelink/source" --include_path="C:/ti/CC3200SDK_1.2.0/cc3200-sdk/driverlib/" --include_path="C:/ti/CC3200SDK_1.2.0/cc3200-sdk/oslib/" --include_path="C:/ti/CC3200SDK_1.2.0/cc3200-sdk/third_party/FreeRTOS/" --include_path="C:/ti/CC3200SDK_1.2.0/cc3200-sdk/third_party/FreeRTOS/source/" --include_path="C:/ti/CC3200SDK_1.2.0/cc3200-sdk/third_party/FreeRTOS/source/include" --include_path="C:/ti/CC3200SDK_1.2.0/cc3200-sdk/third_party/FreeRTOS/source/portable/CCS/ARM_CM3" --include_path="C:/ti/CC3200SDK_1.2.0/cc3200-sdk/simplelink_extlib/provisioninglib" -g --gcc --define=ccs --define=SL_PLATFORM_MULTI_THREADED --define=USE_FREERTOS --define=cc3200 --diag_wrap=off --diag_warning=225 --display_error_number --preproc_with_compile --preproc_dependency="device_status.d"  "../device_status.c"
'Finished building: ../device_status.c'
' '
'Building file: C:/ti/CC3200SDK_1.2.0/cc3200-sdk/example/common/gpio_if.c'
'Invoking: ARM Compiler'
"D:/ti/ccsv6/tools/compiler/ti-cgt-arm_15.12.1.LTS/bin/armcl" -mv7M4 --code_state=16 --float_support=vfplib --abi=eabi -me --include_path="D:/ti/ccsv6/tools/compiler/ti-cgt-arm_15.12.1.LTS/include" --include_path="C:/ti/CC3200SDK_1.2.0/cc3200-sdk/example/common" --include_path="C:/ti/CC3200SDK_1.2.0/cc3200-sdk/inc" --include_path="C:/ti/CC3200SDK_1.2.0/cc3200-sdk/simplelink/" --include_path="C:/ti/CC3200SDK_1.2.0/cc3200-sdk/simplelink/include" --include_path="C:/ti/CC3200SDK_1.2.0/cc3200-sdk/simplelink/source" --include_path="C:/ti/CC3200SDK_1.2.0/cc3200-sdk/driverlib/" --include_path="C:/ti/CC3200SDK_1.2.0/cc3200-sdk/oslib/" --include_path="C:/ti/CC3200SDK_1.2.0/cc3200-sdk/third_party/FreeRTOS/" --include_path="C:/ti/CC3200SDK_1.2.0/cc3200-sdk/third_party/FreeRTOS/source/" --include_path="C:/ti/CC3200SDK_1.2.0/cc3200-sdk/third_party/FreeRTOS/source/include" --include_path="C:/ti/CC3200SDK_1.2.0/cc3200-sdk/third_party/FreeRTOS/source/portable/CCS/ARM_CM3" --include_path="C:/ti/CC3200SDK_1.2.0/cc3200-sdk/simplelink_extlib/provisioninglib" -g --gcc --define=ccs --define=SL_PLATFORM_MULTI_THREADED --define=USE_FREERTOS --define=cc3200 --diag_wrap=off --diag_warning=225 --display_error_number --preproc_with_compile --preproc_dependency="gpio_if.d"  "C:/ti/CC3200SDK_1.2.0/cc3200-sdk/example/common/gpio_if.c"
'Finished building: C:/ti/CC3200SDK_1.2.0/cc3200-sdk/example/common/gpio_if.c'
' '
'Building file: C:/ti/CC3200SDK_1.2.0/cc3200-sdk/example/common/i2c_if.c'
'Invoking: ARM Compiler'
"D:/ti/ccsv6/tools/compiler/ti-cgt-arm_15.12.1.LTS/bin/armcl" -mv7M4 --code_state=16 --float_support=vfplib --abi=eabi -me --include_path="D:/ti/ccsv6/tools/compiler/ti-cgt-arm_15.12.1.LTS/include" --include_path="C:/ti/CC3200SDK_1.2.0/cc3200-sdk/example/common" --include_path="C:/ti/CC3200SDK_1.2.0/cc3200-sdk/inc" --include_path="C:/ti/CC3200SDK_1.2.0/cc3200-sdk/simplelink/" --include_path="C:/ti/CC3200SDK_1.2.0/cc3200-sdk/simplelink/include" --include_path="C:/ti/CC3200SDK_1.2.0/cc3200-sdk/simplelink/source" --include_path="C:/ti/CC3200SDK_1.2.0/cc3200-sdk/driverlib/" --include_path="C:/ti/CC3200SDK_1.2.0/cc3200-sdk/oslib/" --include_path="C:/ti/CC3200SDK_1.2.0/cc3200-sdk/third_party/FreeRTOS/" --include_path="C:/ti/CC3200SDK_1.2.0/cc3200-sdk/third_party/FreeRTOS/source/" --include_path="C:/ti/CC3200SDK_1.2.0/cc3200-sdk/third_party/FreeRTOS/source/include" --include_path="C:/ti/CC3200SDK_1.2.0/cc3200-sdk/third_party/FreeRTOS/source/portable/CCS/ARM_CM3" --include_path="C:/ti/CC3200SDK_1.2.0/cc3200-sdk/simplelink_extlib/provisioninglib" -g --gcc --define=ccs --define=SL_PLATFORM_MULTI_THREADED --define=USE_FREERTOS --define=cc3200 --diag_wrap=off --diag_warning=225 --display_error_number --preproc_with_compile --preproc_dependency="i2c_if.d"  "C:/ti/CC3200SDK_1.2.0/cc3200-sdk/example/common/i2c_if.c"
'Finished building: C:/ti/CC3200SDK_1.2.0/cc3200-sdk/example/common/i2c_if.c'
' '
'Building file: ../main.c'
'Invoking: ARM Compiler'
"D:/ti/ccsv6/tools/compiler/ti-cgt-arm_15.12.1.LTS/bin/armcl" -mv7M4 --code_state=16 --float_support=vfplib --abi=eabi -me --include_path="D:/ti/ccsv6/tools/compiler/ti-cgt-arm_15.12.1.LTS/include" --include_path="C:/ti/CC3200SDK_1.2.0/cc3200-sdk/example/common" --include_path="C:/ti/CC3200SDK_1.2.0/cc3200-sdk/inc" --include_path="C:/ti/CC3200SDK_1.2.0/cc3200-sdk/simplelink/" --include_path="C:/ti/CC3200SDK_1.2.0/cc3200-sdk/simplelink/include" --include_path="C:/ti/CC3200SDK_1.2.0/cc3200-sdk/simplelink/source" --include_path="C:/ti/CC3200SDK_1.2.0/cc3200-sdk/driverlib/" --include_path="C:/ti/CC3200SDK_1.2.0/cc3200-sdk/oslib/" --include_path="C:/ti/CC3200SDK_1.2.0/cc3200-sdk/third_party/FreeRTOS/" --include_path="C:/ti/CC3200SDK_1.2.0/cc3200-sdk/third_party/FreeRTOS/source/" --include_path="C:/ti/CC3200SDK_1.2.0/cc3200-sdk/third_party/FreeRTOS/source/include" --include_path="C:/ti/CC3200SDK_1.2.0/cc3200-sdk/third_party/FreeRTOS/source/portable/CCS/ARM_CM3" --include_path="C:/ti/CC3200SDK_1.2.0/cc3200-sdk/simplelink_extlib/provisioninglib" -g --gcc --define=ccs --define=SL_PLATFORM_MULTI_THREADED --define=USE_FREERTOS --define=cc3200 --diag_wrap=off --diag_warning=225 --display_error_number --preproc_with_compile --preproc_dependency="main.d"  "../main.c"
'Finished building: ../main.c'
' '
'Building file: C:/ti/CC3200SDK_1.2.0/cc3200-sdk/example/common/network_common.c'
'Invoking: ARM Compiler'
"D:/ti/ccsv6/tools/compiler/ti-cgt-arm_15.12.1.LTS/bin/armcl" -mv7M4 --code_state=16 --float_support=vfplib --abi=eabi -me --include_path="D:/ti/ccsv6/tools/compiler/ti-cgt-arm_15.12.1.LTS/include" --include_path="C:/ti/CC3200SDK_1.2.0/cc3200-sdk/example/common" --include_path="C:/ti/CC3200SDK_1.2.0/cc3200-sdk/inc" --include_path="C:/ti/CC3200SDK_1.2.0/cc3200-sdk/simplelink/" --include_path="C:/ti/CC3200SDK_1.2.0/cc3200-sdk/simplelink/include" --include_path="C:/ti/CC3200SDK_1.2.0/cc3200-sdk/simplelink/source" --include_path="C:/ti/CC3200SDK_1.2.0/cc3200-sdk/driverlib/" --include_path="C:/ti/CC3200SDK_1.2.0/cc3200-sdk/oslib/" --include_path="C:/ti/CC3200SDK_1.2.0/cc3200-sdk/third_party/FreeRTOS/" --include_path="C:/ti/CC3200SDK_1.2.0/cc3200-sdk/third_party/FreeRTOS/source/" --include_path="C:/ti/CC3200SDK_1.2.0/cc3200-sdk/third_party/FreeRTOS/source/include" --include_path="C:/ti/CC3200SDK_1.2.0/cc3200-sdk/third_party/FreeRTOS/source/portable/CCS/ARM_CM3" --include_path="C:/ti/CC3200SDK_1.2.0/cc3200-sdk/simplelink_extlib/provisioninglib" -g --gcc --define=ccs --define=SL_PLATFORM_MULTI_THREADED --define=USE_FREERTOS --define=cc3200 --diag_wrap=off --diag_warning=225 --display_error_number --preproc_with_compile --preproc_dependency="network_common.d"  "C:/ti/CC3200SDK_1.2.0/cc3200-sdk/example/common/network_common.c"
'Finished building: C:/ti/CC3200SDK_1.2.0/cc3200-sdk/example/common/network_common.c'
' '
'Building file: ../pinmux.c'
'Invoking: ARM Compiler'
"D:/ti/ccsv6/tools/compiler/ti-cgt-arm_15.12.1.LTS/bin/armcl" -mv7M4 --code_state=16 --float_support=vfplib --abi=eabi -me --include_path="D:/ti/ccsv6/tools/compiler/ti-cgt-arm_15.12.1.LTS/include" --include_path="C:/ti/CC3200SDK_1.2.0/cc3200-sdk/example/common" --include_path="C:/ti/CC3200SDK_1.2.0/cc3200-sdk/inc" --include_path="C:/ti/CC3200SDK_1.2.0/cc3200-sdk/simplelink/" --include_path="C:/ti/CC3200SDK_1.2.0/cc3200-sdk/simplelink/include" --include_path="C:/ti/CC3200SDK_1.2.0/cc3200-sdk/simplelink/source" --include_path="C:/ti/CC3200SDK_1.2.0/cc3200-sdk/driverlib/" --include_path="C:/ti/CC3200SDK_1.2.0/cc3200-sdk/oslib/" --include_path="C:/ti/CC3200SDK_1.2.0/cc3200-sdk/third_party/FreeRTOS/" --include_path="C:/ti/CC3200SDK_1.2.0/cc3200-sdk/third_party/FreeRTOS/source/" --include_path="C:/ti/CC3200SDK_1.2.0/cc3200-sdk/third_party/FreeRTOS/source/include" --include_path="C:/ti/CC3200SDK_1.2.0/cc3200-sdk/third_party/FreeRTOS/source/portable/CCS/ARM_CM3" --include_path="C:/ti/CC3200SDK_1.2.0/cc3200-sdk/simplelink_extlib/provisioninglib" -g --gcc --define=ccs --define=SL_PLATFORM_MULTI_THREADED --define=USE_FREERTOS --define=cc3200 --diag_wrap=off --diag_warning=225 --display_error_number --preproc_with_compile --preproc_dependency="pinmux.d"  "../pinmux.c"
'Finished building: ../pinmux.c'
' '
'Building file: ../smartconfig.c'
'Invoking: ARM Compiler'
"D:/ti/ccsv6/tools/compiler/ti-cgt-arm_15.12.1.LTS/bin/armcl" -mv7M4 --code_state=16 --float_support=vfplib --abi=eabi -me --include_path="D:/ti/ccsv6/tools/compiler/ti-cgt-arm_15.12.1.LTS/include" --include_path="C:/ti/CC3200SDK_1.2.0/cc3200-sdk/example/common" --include_path="C:/ti/CC3200SDK_1.2.0/cc3200-sdk/inc" --include_path="C:/ti/CC3200SDK_1.2.0/cc3200-sdk/simplelink/" --include_path="C:/ti/CC3200SDK_1.2.0/cc3200-sdk/simplelink/include" --include_path="C:/ti/CC3200SDK_1.2.0/cc3200-sdk/simplelink/source" --include_path="C:/ti/CC3200SDK_1.2.0/cc3200-sdk/driverlib/" --include_path="C:/ti/CC3200SDK_1.2.0/cc3200-sdk/oslib/" --include_path="C:/ti/CC3200SDK_1.2.0/cc3200-sdk/third_party/FreeRTOS/" --include_path="C:/ti/CC3200SDK_1.2.0/cc3200-sdk/third_party/FreeRTOS/source/" --include_path="C:/ti/CC3200SDK_1.2.0/cc3200-sdk/third_party/FreeRTOS/source/include" --include_path="C:/ti/CC3200SDK_1.2.0/cc3200-sdk/third_party/FreeRTOS/source/portable/CCS/ARM_CM3" --include_path="C:/ti/CC3200SDK_1.2.0/cc3200-sdk/simplelink_extlib/provisioninglib" -g --gcc --define=ccs --define=SL_PLATFORM_MULTI_THREADED --define=USE_FREERTOS --define=cc3200 --diag_wrap=off --diag_warning=225 --display_error_number --preproc_with_compile --preproc_dependency="smartconfig.d"  "../smartconfig.c"
'Finished building: ../smartconfig.c'
' '
'Building file: C:/ti/CC3200SDK_1.2.0/cc3200-sdk/example/common/startup_ccs.c'
'Invoking: ARM Compiler'
"D:/ti/ccsv6/tools/compiler/ti-cgt-arm_15.12.1.LTS/bin/armcl" -mv7M4 --code_state=16 --float_support=vfplib --abi=eabi -me --include_path="D:/ti/ccsv6/tools/compiler/ti-cgt-arm_15.12.1.LTS/include" --include_path="C:/ti/CC3200SDK_1.2.0/cc3200-sdk/example/common" --include_path="C:/ti/CC3200SDK_1.2.0/cc3200-sdk/inc" --include_path="C:/ti/CC3200SDK_1.2.0/cc3200-sdk/simplelink/" --include_path="C:/ti/CC3200SDK_1.2.0/cc3200-sdk/simplelink/include" --include_path="C:/ti/CC3200SDK_1.2.0/cc3200-sdk/simplelink/source" --include_path="C:/ti/CC3200SDK_1.2.0/cc3200-sdk/driverlib/" --include_path="C:/ti/CC3200SDK_1.2.0/cc3200-sdk/oslib/" --include_path="C:/ti/CC3200SDK_1.2.0/cc3200-sdk/third_party/FreeRTOS/" --include_path="C:/ti/CC3200SDK_1.2.0/cc3200-sdk/third_party/FreeRTOS/source/" --include_path="C:/ti/CC3200SDK_1.2.0/cc3200-sdk/third_party/FreeRTOS/source/include" --include_path="C:/ti/CC3200SDK_1.2.0/cc3200-sdk/third_party/FreeRTOS/source/portable/CCS/ARM_CM3" --include_path="C:/ti/CC3200SDK_1.2.0/cc3200-sdk/simplelink_extlib/provisioninglib" -g --gcc --define=ccs --define=SL_PLATFORM_MULTI_THREADED --define=USE_FREERTOS --define=cc3200 --diag_wrap=off --diag_warning=225 --display_error_number --preproc_with_compile --preproc_dependency="startup_ccs.d"  "C:/ti/CC3200SDK_1.2.0/cc3200-sdk/example/common/startup_ccs.c"
'Finished building: C:/ti/CC3200SDK_1.2.0/cc3200-sdk/example/common/startup_ccs.c'
' '
'Building file: ../tmp006drv.c'
'Invoking: ARM Compiler'
"D:/ti/ccsv6/tools/compiler/ti-cgt-arm_15.12.1.LTS/bin/armcl" -mv7M4 --code_state=16 --float_support=vfplib --abi=eabi -me --include_path="D:/ti/ccsv6/tools/compiler/ti-cgt-arm_15.12.1.LTS/include" --include_path="C:/ti/CC3200SDK_1.2.0/cc3200-sdk/example/common" --include_path="C:/ti/CC3200SDK_1.2.0/cc3200-sdk/inc" --include_path="C:/ti/CC3200SDK_1.2.0/cc3200-sdk/simplelink/" --include_path="C:/ti/CC3200SDK_1.2.0/cc3200-sdk/simplelink/include" --include_path="C:/ti/CC3200SDK_1.2.0/cc3200-sdk/simplelink/source" --include_path="C:/ti/CC3200SDK_1.2.0/cc3200-sdk/driverlib/" --include_path="C:/ti/CC3200SDK_1.2.0/cc3200-sdk/oslib/" --include_path="C:/ti/CC3200SDK_1.2.0/cc3200-sdk/third_party/FreeRTOS/" --include_path="C:/ti/CC3200SDK_1.2.0/cc3200-sdk/third_party/FreeRTOS/source/" --include_path="C:/ti/CC3200SDK_1.2.0/cc3200-sdk/third_party/FreeRTOS/source/include" --include_path="C:/ti/CC3200SDK_1.2.0/cc3200-sdk/third_party/FreeRTOS/source/portable/CCS/ARM_CM3" --include_path="C:/ti/CC3200SDK_1.2.0/cc3200-sdk/simplelink_extlib/provisioninglib" -g --gcc --define=ccs --define=SL_PLATFORM_MULTI_THREADED --define=USE_FREERTOS --define=cc3200 --diag_wrap=off --diag_warning=225 --display_error_number --preproc_with_compile --preproc_dependency="tmp006drv.d"  "../tmp006drv.c"
'Finished building: ../tmp006drv.c'
' '
'Building file: C:/ti/CC3200SDK_1.2.0/cc3200-sdk/example/common/uart_if.c'
'Invoking: ARM Compiler'
"D:/ti/ccsv6/tools/compiler/ti-cgt-arm_15.12.1.LTS/bin/armcl" -mv7M4 --code_state=16 --float_support=vfplib --abi=eabi -me --include_path="D:/ti/ccsv6/tools/compiler/ti-cgt-arm_15.12.1.LTS/include" --include_path="C:/ti/CC3200SDK_1.2.0/cc3200-sdk/example/common" --include_path="C:/ti/CC3200SDK_1.2.0/cc3200-sdk/inc" --include_path="C:/ti/CC3200SDK_1.2.0/cc3200-sdk/simplelink/" --include_path="C:/ti/CC3200SDK_1.2.0/cc3200-sdk/simplelink/include" --include_path="C:/ti/CC3200SDK_1.2.0/cc3200-sdk/simplelink/source" --include_path="C:/ti/CC3200SDK_1.2.0/cc3200-sdk/driverlib/" --include_path="C:/ti/CC3200SDK_1.2.0/cc3200-sdk/oslib/" --include_path="C:/ti/CC3200SDK_1.2.0/cc3200-sdk/third_party/FreeRTOS/" --include_path="C:/ti/CC3200SDK_1.2.0/cc3200-sdk/third_party/FreeRTOS/source/" --include_path="C:/ti/CC3200SDK_1.2.0/cc3200-sdk/third_party/FreeRTOS/source/include" --include_path="C:/ti/CC3200SDK_1.2.0/cc3200-sdk/third_party/FreeRTOS/source/portable/CCS/ARM_CM3" --include_path="C:/ti/CC3200SDK_1.2.0/cc3200-sdk/simplelink_extlib/provisioninglib" -g --gcc --define=ccs --define=SL_PLATFORM_MULTI_THREADED --define=USE_FREERTOS --define=cc3200 --diag_wrap=off --diag_warning=225 --display_error_number --preproc_with_compile --preproc_dependency="uart_if.d"  "C:/ti/CC3200SDK_1.2.0/cc3200-sdk/example/common/uart_if.c"
'Finished building: C:/ti/CC3200SDK_1.2.0/cc3200-sdk/example/common/uart_if.c'
' '
'Building target: oob.out'
'Invoking: ARM Linker'
"D:/ti/ccsv6/tools/compiler/ti-cgt-arm_15.12.1.LTS/bin/armcl" -mv7M4 --code_state=16 --float_support=vfplib --abi=eabi -me -g --gcc --define=ccs --define=SL_PLATFORM_MULTI_THREADED --define=USE_FREERTOS --define=cc3200 --diag_wrap=off --diag_warning=225 --display_error_number -z -m"oob.map" --heap_size=0x2000 --stack_size=0x1000 -i"D:/ti/ccsv6/tools/compiler/ti-cgt-arm_15.12.1.LTS/lib" -i"D:/ti/ccsv6/tools/compiler/ti-cgt-arm_15.12.1.LTS/include" -i"C:/ti/CC3200SDK_1.2.0/cc3200-sdk/driverlib/ccs/Release" -i"C:/ti/CC3200SDK_1.2.0/cc3200-sdk/simplelink/ccs/OS" -i"C:/ti/CC3200SDK_1.2.0/cc3200-sdk/oslib/ccs/free_rtos" --reread_libs --display_error_number --diag_wrap=off --warn_sections --xml_link_info="oob_linkInfo.xml" --rom_model -o "oob.out" "./bma222drv.obj" "./device_status.obj" "./gpio_if.obj" "./i2c_if.obj" "./main.obj" "./network_common.obj" "./pinmux.obj" "./smartconfig.obj" "./startup_ccs.obj" "./tmp006drv.obj" "./uart_if.obj" "../cc3200v1p32.cmd"  -llibc.a -ldriverlib.a -lsimplelink.a -lfree_rtos.a 
<Linking>
'Finished building target: oob.out'
' '
'convert to bin files'
"D:/ti/ccsv6/utils/tiobj2bin/tiobj2bin" "oob.out" "oob.bin" "D:/ti/ccsv6/tools/compiler/ti-cgt-arm_15.12.1.LTS/bin/armofd" "D:/ti/ccsv6/tools/compiler/ti-cgt-arm_15.12.1.LTS/bin/armhex" "D:/ti/ccsv6/utils/tiobj2bin/mkhex4bin"
' '

**** Build Finished ****
